# JRE version: Java(TM) SE Runtime Environment (7.0_45-b18) (build 1.7.0_45-b18)
# Java VM: Java HotSpot(TM) 64-Bit Server VM (24.45-b08 mixed mode linux-amd64 compressed oops)
Heap
 PSYoungGen      total 40960K, used 21504K [0x00000007d5500000, 0x00000007d9e80000, 0x0000000800000000)
  eden space 19456K, 0% used [0x00000007d5500000,0x00000007d5500000,0x00000007d6800000)
  from space 21504K, 100% used [0x00000007d8100000,0x00000007d9600000,0x00000007d9600000)
  to   space 25600K, 0% used [0x00000007d6800000,0x00000007d6800000,0x00000007d8100000)
 ParOldGen       total 70656K, used 61535K [0x0000000780000000, 0x0000000784500000, 0x00000007d5500000)
  object space 70656K, 87% used [0x0000000780000000,0x0000000783c17db0,0x0000000784500000)
 PSPermGen       total 21504K, used 4521K [0x000000077ae00000, 0x000000077c300000, 0x0000000780000000)
  object space 21504K, 21% used [0x000000077ae00000,0x000000077b26a630,0x000000077c300000)
GC Heap History (10 events):
Event: 52,821 GC heap after
Heap after GC invocations=5 (full 1):
 PSYoungGen      total 17920K, used 2560K [0x00000007d5500000, 0x00000007d6c80000, 0x0000000800000000)
  eden space 15360K, 0% used [0x00000007d5500000,0x00000007d5500000,0x00000007d6400000)
  from space 2560K, 100% used [0x00000007d6680000,0x00000007d6900000,0x00000007d6900000)
  to   space 2560K, 0% used [0x00000007d6400000,0x00000007d6400000,0x00000007d6680000)
 ParOldGen       total 70656K, used 38127K [0x0000000780000000, 0x0000000784500000, 0x00000007d5500000)
  object space 70656K, 53% used [0x0000000780000000,0x000000078253bdb0,0x0000000784500000)
 PSPermGen       total 21504K, used 4520K [0x000000077ae00000, 0x000000077c300000, 0x0000000780000000)
  object space 21504K, 21% used [0x000000077ae00000,0x000000077b26a348,0x000000077c300000)
}
Event: 65,706 GC heap before
{Heap before GC invocations=6 (full 1):
 PSYoungGen      total 17920K, used 17920K [0x00000007d5500000, 0x00000007d6c80000, 0x0000000800000000)
  eden space 15360K, 100% used [0x00000007d5500000,0x00000007d6400000,0x00000007d6400000)
  from space 2560K, 100% used [0x00000007d6680000,0x00000007d6900000,0x00000007d6900000)
  to   space 2560K, 0% used [0x00000007d6400000,0x00000007d6400000,0x00000007d6680000)
 ParOldGen       total 70656K, used 38127K [0x0000000780000000, 0x0000000784500000, 0x00000007d5500000)
  object space 70656K, 53% used [0x0000000780000000,0x000000078253bdb0,0x0000000784500000)
 PSPermGen       total 21504K, used 4521K [0x000000077ae00000, 0x000000077c300000, 0x0000000780000000)
  object space 21504K, 21% used [0x000000077ae00000,0x000000077b26a630,0x000000077c300000)
Event: 65,738 GC heap after
Heap after GC invocations=6 (full 1):
 PSYoungGen      total 17920K, used 2560K [0x00000007d5500000, 0x00000007d8680000, 0x0000000800000000)
  eden space 15360K, 0% used [0x00000007d5500000,0x00000007d5500000,0x00000007d6400000)
  from space 2560K, 100% used [0x00000007d6400000,0x00000007d6680000,0x00000007d6680000)
  to   space 15872K, 0% used [0x00000007d7700000,0x00000007d7700000,0x00000007d8680000)
 ParOldGen       total 70656K, used 49103K [0x0000000780000000, 0x0000000784500000, 0x00000007d5500000)
  object space 70656K, 69% used [0x0000000780000000,0x0000000782ff3db0,0x0000000784500000)
 PSPermGen       total 21504K, used 4521K [0x000000077ae00000, 0x000000077c300000, 0x0000000780000000)
  object space 21504K, 21% used [0x000000077ae00000,0x000000077b26a630,0x000000077c300000)
}
Event: 78,347 GC heap before
{Heap before GC invocations=7 (full 1):
 PSYoungGen      total 17920K, used 17920K [0x00000007d5500000, 0x00000007d8680000, 0x0000000800000000)
  eden space 15360K, 100% used [0x00000007d5500000,0x00000007d6400000,0x00000007d6400000)
  from space 2560K, 100% used [0x00000007d6400000,0x00000007d6680000,0x00000007d6680000)
  to   space 15872K, 0% used [0x00000007d7700000,0x00000007d7700000,0x00000007d8680000)
 ParOldGen       total 70656K, used 49103K [0x0000000780000000, 0x0000000784500000, 0x00000007d5500000)
  object space 70656K, 69% used [0x0000000780000000,0x0000000782ff3db0,0x0000000784500000)
 PSPermGen       total 21504K, used 4521K [0x000000077ae00000, 0x000000077c300000, 0x0000000780000000)
  object space 21504K, 21% used [0x000000077ae00000,0x000000077b26a630,0x000000077c300000)
Event: 78,371 GC heap after
Heap after GC invocations=7 (full 1):
 PSYoungGen      total 34816K, used 13248K [0x00000007d5500000, 0x00000007d8680000, 0x0000000800000000)
  eden space 18944K, 0% used [0x00000007d5500000,0x00000007d5500000,0x00000007d6780000)
  from space 15872K, 83% used [0x00000007d7700000,0x00000007d83f0000,0x00000007d8680000)
  to   space 15872K, 0% used [0x00000007d6780000,0x00000007d6780000,0x00000007d7700000)
 ParOldGen       total 70656K, used 49103K [0x0000000780000000, 0x0000000784500000, 0x00000007d5500000)
  object space 70656K, 69% used [0x0000000780000000,0x0000000782ff3db0,0x0000000784500000)
 PSPermGen       total 21504K, used 4521K [0x000000077ae00000, 0x000000077c300000, 0x0000000780000000)
  object space 21504K, 21% used [0x000000077ae00000,0x000000077b26a630,0x000000077c300000)
}
Event: 92,320 GC heap before
{Heap before GC invocations=8 (full 1):
 PSYoungGen      total 34816K, used 32192K [0x00000007d5500000, 0x00000007d8680000, 0x0000000800000000)
  eden space 18944K, 100% used [0x00000007d5500000,0x00000007d6780000,0x00000007d6780000)
  from space 15872K, 83% used [0x00000007d7700000,0x00000007d83f0000,0x00000007d8680000)
  to   space 15872K, 0% used [0x00000007d6780000,0x00000007d6780000,0x00000007d7700000)
 ParOldGen       total 70656K, used 49103K [0x0000000780000000, 0x0000000784500000, 0x00000007d5500000)
  object space 70656K, 69% used [0x0000000780000000,0x0000000782ff3db0,0x0000000784500000)
 PSPermGen       total 21504K, used 4521K [0x000000077ae00000, 0x000000077c300000, 0x0000000780000000)
  object space 21504K, 21% used [0x000000077ae00000,0x000000077b26a630,0x000000077c300000)
Event: 92,368 GC heap after
Heap after GC invocations=8 (full 1):
 PSYoungGen      total 34816K, used 15872K [0x00000007d5500000, 0x00000007d9600000, 0x0000000800000000)
  eden space 18944K, 0% used [0x00000007d5500000,0x00000007d5500000,0x00000007d6780000)
  from space 15872K, 100% used [0x00000007d6780000,0x00000007d7700000,0x00000007d7700000)
  to   space 21504K, 0% used [0x00000007d8100000,0x00000007d8100000,0x00000007d9600000)
 ParOldGen       total 70656K, used 57935K [0x0000000780000000, 0x0000000784500000, 0x00000007d5500000)
  object space 70656K, 81% used [0x0000000780000000,0x0000000783893db0,0x0000000784500000)
 PSPermGen       total 21504K, used 4521K [0x000000077ae00000, 0x000000077c300000, 0x0000000780000000)
  object space 21504K, 21% used [0x000000077ae00000,0x000000077b26a630,0x000000077c300000)
}
Event: 106,252 GC heap before
{Heap before GC invocations=9 (full 1):
 PSYoungGen      total 34816K, used 34816K [0x00000007d5500000, 0x00000007d9600000, 0x0000000800000000)
  eden space 18944K, 100% used [0x00000007d5500000,0x00000007d6780000,0x00000007d6780000)
  from space 15872K, 100% used [0x00000007d6780000,0x00000007d7700000,0x00000007d7700000)
  to   space 21504K, 0% used [0x00000007d8100000,0x00000007d8100000,0x00000007d9600000)
 ParOldGen       total 70656K, used 57935K [0x0000000780000000, 0x0000000784500000, 0x00000007d5500000)
  object space 70656K, 81% used [0x0000000780000000,0x0000000783893db0,0x0000000784500000)
 PSPermGen       total 21504K, used 4521K [0x000000077ae00000, 0x000000077c300000, 0x0000000780000000)
  object space 21504K, 21% used [0x000000077ae00000,0x000000077b26a630,0x000000077c300000)
Event: 106,308 GC heap after
Heap after GC invocations=9 (full 1):
 PSYoungGen      total 40960K, used 21504K [0x00000007d5500000, 0x00000007d9e80000, 0x0000000800000000)
  eden space 19456K, 0% used [0x00000007d5500000,0x00000007d5500000,0x00000007d6800000)
  from space 21504K, 100% used [0x00000007d8100000,0x00000007d9600000,0x00000007d9600000)
  to   space 25600K, 0% used [0x00000007d6800000,0x00000007d6800000,0x00000007d8100000)
 ParOldGen       total 70656K, used 61535K [0x0000000780000000, 0x0000000784500000, 0x00000007d5500000)
  object space 70656K, 87% used [0x0000000780000000,0x0000000783c17db0,0x0000000784500000)
 PSPermGen       total 21504K, used 4521K [0x000000077ae00000, 0x000000077c300000, 0x0000000780000000)
  object space 21504K, 21% used [0x000000077ae00000,0x000000077b26a630,0x000000077c300000)
}
Event: 106,308 GC heap before
{Heap before GC invocations=10 (full 2):
 PSYoungGen      total 40960K, used 21504K [0x00000007d5500000, 0x00000007d9e80000, 0x0000000800000000)
  eden space 19456K, 0% used [0x00000007d5500000,0x00000007d5500000,0x00000007d6800000)
  from space 21504K, 100% used [0x00000007d8100000,0x00000007d9600000,0x00000007d9600000)
  to   space 25600K, 0% used [0x00000007d6800000,0x00000007d6800000,0x00000007d8100000)
 ParOldGen       total 70656K, used 61535K [0x0000000780000000, 0x0000000784500000, 0x00000007d5500000)
  object space 70656K, 87% used [0x0000000780000000,0x0000000783c17db0,0x0000000784500000)
 PSPermGen       total 21504K, used 4521K [0x000000077ae00000, 0x000000077c300000, 0x0000000780000000)
  object space 21504K, 21% used [0x000000077ae00000,0x000000077b26a630,0x000000077c300000)

